/*C63*/SET SCHEMA PUBLIC
CONNECT USER SA
DISCONNECT
/*C64*/SET SCHEMA PUBLIC
CONNECT USER SA
/*C65*/SET SCHEMA PUBLIC
CONNECT USER SA
DISCONNECT
/*C66*/SET SCHEMA PUBLIC
CONNECT USER SA
/*C67*/SET SCHEMA PUBLIC
CONNECT USER SA
SET AUTOCOMMIT FALSE
DELETE FROM TABLEUSE WHERE ID=0
INSERT INTO TABLEUSE VALUES(0,'001','\u6709\u4eba','')
SET AUTOCOMMIT TRUE
/*C68*/SET SCHEMA PUBLIC
CONNECT USER SA
DISCONNECT
/*C69*/SET SCHEMA PUBLIC
CONNECT USER SA
/*C70*/SET SCHEMA PUBLIC
CONNECT USER SA
/*C71*/SET SCHEMA PUBLIC
CONNECT USER SA
/*C72*/SET SCHEMA PUBLIC
CONNECT USER SA
/*C73*/SET SCHEMA PUBLIC
CONNECT USER SA
/*C74*/SET SCHEMA PUBLIC
CONNECT USER SA
INSERT INTO PAYBILL VALUES(274,'001','\u9178\u8fa3\u571f\u8c46\u4e1d','1',8.0E0)
/*C75*/SET SCHEMA PUBLIC
CONNECT USER SA
DISCONNECT
/*C76*/SET SCHEMA PUBLIC
CONNECT USER SA
/*C77*/SET SCHEMA PUBLIC
CONNECT USER SA
/*C78*/SET SCHEMA PUBLIC
CONNECT USER SA
INSERT INTO PAYBILL VALUES(275,'001','\u7cd6\u918b\u6392\u9aa8','1',28.0E0)
/*C79*/SET SCHEMA PUBLIC
CONNECT USER SA
DISCONNECT
/*C80*/SET SCHEMA PUBLIC
CONNECT USER SA
/*C81*/SET SCHEMA PUBLIC
CONNECT USER SA
/*C82*/SET SCHEMA PUBLIC
CONNECT USER SA
INSERT INTO PAYBILL VALUES(276,'001','\u5564\u9152','1',5.0E0)
/*C83*/SET SCHEMA PUBLIC
CONNECT USER SA
DISCONNECT
/*C84*/SET SCHEMA PUBLIC
CONNECT USER SA
/*C85*/SET SCHEMA PUBLIC
CONNECT USER SA
DISCONNECT
/*C86*/SET SCHEMA PUBLIC
CONNECT USER SA
/*C87*/SET SCHEMA PUBLIC
CONNECT USER SA
DISCONNECT
/*C88*/SET SCHEMA PUBLIC
CONNECT USER SA
/*C89*/SET SCHEMA PUBLIC
CONNECT USER SA
/*C90*/SET SCHEMA PUBLIC
CONNECT USER SA
/*C91*/SET SCHEMA PUBLIC
CONNECT USER SA
/*C92*/SET SCHEMA PUBLIC
CONNECT USER SA
/*C93*/SET SCHEMA PUBLIC
CONNECT USER SA
INSERT INTO SHOURU VALUES(18,41.0E0,'2016-05-06')
/*C94*/SET SCHEMA PUBLIC
CONNECT USER SA
SET AUTOCOMMIT FALSE
DELETE FROM TABLEUSE WHERE ID=0
INSERT INTO TABLEUSE VALUES(0,'001','\u65e0\u4eba','')
SET AUTOCOMMIT TRUE
/*C95*/SET SCHEMA PUBLIC
CONNECT USER SA
DELETE FROM PAYBILL WHERE ID=274
DELETE FROM PAYBILL WHERE ID=275
DELETE FROM PAYBILL WHERE ID=276
/*C96*/SET SCHEMA PUBLIC
CONNECT USER SA
DISCONNECT
/*C97*/SET SCHEMA PUBLIC
CONNECT USER SA
/*C98*/SET SCHEMA PUBLIC
CONNECT USER SA
DISCONNECT
/*C99*/SET SCHEMA PUBLIC
CONNECT USER SA
/*C100*/SET SCHEMA PUBLIC
CONNECT USER SA
/*C101*/SET SCHEMA PUBLIC
CONNECT USER SA
DISCONNECT
/*C102*/SET SCHEMA PUBLIC
CONNECT USER SA
/*C103*/SET SCHEMA PUBLIC
CONNECT USER SA
DISCONNECT
/*C104*/SET SCHEMA PUBLIC
CONNECT USER SA
/*C105*/SET SCHEMA PUBLIC
CONNECT USER SA
DISCONNECT
/*C106*/SET SCHEMA PUBLIC
CONNECT USER SA
/*C107*/SET SCHEMA PUBLIC
CONNECT USER SA
DISCONNECT
/*C108*/SET SCHEMA PUBLIC
CONNECT USER SA
/*C109*/SET SCHEMA PUBLIC
CONNECT USER SA
DISCONNECT
/*C110*/SET SCHEMA PUBLIC
CONNECT USER SA
/*C111*/SET SCHEMA PUBLIC
CONNECT USER SA
DISCONNECT
/*C112*/SET SCHEMA PUBLIC
CONNECT USER SA
/*C113*/SET SCHEMA PUBLIC
CONNECT USER SA
DISCONNECT
/*C114*/SET SCHEMA PUBLIC
CONNECT USER SA
DISCONNECT
/*C108*/DISCONNECT
/*C110*/DISCONNECT
/*C112*/DISCONNECT
/*C100*/DISCONNECT
/*C102*/DISCONNECT
/*C104*/DISCONNECT
/*C106*/DISCONNECT
/*C86*/DISCONNECT
/*C88*/DISCONNECT
/*C89*/DISCONNECT
/*C90*/DISCONNECT
/*C91*/DISCONNECT
/*C92*/DISCONNECT
/*C93*/DISCONNECT
/*C94*/DISCONNECT
/*C95*/DISCONNECT
/*C97*/DISCONNECT
/*C99*/DISCONNECT
